Build started 7/16/2015 9:23:15 PM.
     1>Project "C:\Projects\software_only\Arduino\libraries\ledfx\LEDLib.vcxproj" on node 2 (Build target(s)).
     1>ClCompile:
         C:\Program Files (x86)\Microsoft Visual Studio 11.0\VC\bin\CL.exe /c /I"C:\Projects\Utils\arduino-1.0.3\hardware\teensy\cores\teensy3" /I"c:\projects\utils\arduino-1.0.3\hardware\tools\avr\avr\include\\" /I"c:\projects\utils\arduino-1.0.3\hardware\tools\avr\avr\include\avr\\" /I"c:\projects\utils\arduino-1.0.3\hardware\tools\avr\avr\\" /I"c:\projects\utils\arduino-1.0.3\hardware\tools\avr\lib\gcc\avr\4.3.2\include\\" /ZI /nologo /W3 /WX- /Od /Oy- /D ARDUINO=103 /D __AVR_MK20DX128__ /D __AVR__ /D __cplusplus /D _MBCS /X /Gm /EHsc /RTC1 /MDd /GS /fp:precise /Zc:wchar_t /Zc:forScope /Fo"Debug\\" /Fd"Debug\vc110.pdb" /doc"Debug\\" /Gd /TP /FI"C:\Users\ddujxh0\Documents\Arduino\libraries\ledfxlib\Visual Micro\.ledfxlib.vsarduino.h" /analyze- /errorReport:prompt EffectColorRotation.cpp EffectCustom.cpp EffectProgressBar.cpp EffectRainbow.cpp EffectRandomPixels.cpp EffectSineWave.cpp EffectSolidColor.cpp EffectTwinkle.cpp LEDEffect.cpp LEDFxLib.cpp RangeInfoList.cpp
         RangeInfoList.cpp
     1>c1xx : warning C4117: macro name '__cplusplus' is reserved, '#define' ignored
     1>c:\projects\software_only\arduino\libraries\ledfx\rangeinfolist.cpp : fatal error C1083: Cannot open include file: 'C:\Users\ddujxh0\Documents\Arduino\libraries\ledfxlib\Visual Micro\.ledfxlib.vsarduino.h': No such file or directory
         LEDFxLib.cpp
     1>c1xx : warning C4117: macro name '__cplusplus' is reserved, '#define' ignored
     1>c:\projects\software_only\arduino\libraries\ledfx\ledfxlib.cpp : fatal error C1083: Cannot open include file: 'C:\Users\ddujxh0\Documents\Arduino\libraries\ledfxlib\Visual Micro\.ledfxlib.vsarduino.h': No such file or directory
         LEDEffect.cpp
     1>c1xx : warning C4117: macro name '__cplusplus' is reserved, '#define' ignored
     1>c:\projects\software_only\arduino\libraries\ledfx\ledeffect.cpp : fatal error C1083: Cannot open include file: 'C:\Users\ddujxh0\Documents\Arduino\libraries\ledfxlib\Visual Micro\.ledfxlib.vsarduino.h': No such file or directory
         EffectTwinkle.cpp
     1>c1xx : warning C4117: macro name '__cplusplus' is reserved, '#define' ignored
     1>c:\projects\software_only\arduino\libraries\ledfx\effecttwinkle.cpp : fatal error C1083: Cannot open include file: 'C:\Users\ddujxh0\Documents\Arduino\libraries\ledfxlib\Visual Micro\.ledfxlib.vsarduino.h': No such file or directory
         EffectSolidColor.cpp
     1>c1xx : warning C4117: macro name '__cplusplus' is reserved, '#define' ignored
     1>c:\projects\software_only\arduino\libraries\ledfx\effectsolidcolor.cpp : fatal error C1083: Cannot open include file: 'C:\Users\ddujxh0\Documents\Arduino\libraries\ledfxlib\Visual Micro\.ledfxlib.vsarduino.h': No such file or directory
         EffectSineWave.cpp
     1>c1xx : warning C4117: macro name '__cplusplus' is reserved, '#define' ignored
     1>c:\projects\software_only\arduino\libraries\ledfx\effectsinewave.cpp : fatal error C1083: Cannot open include file: 'C:\Users\ddujxh0\Documents\Arduino\libraries\ledfxlib\Visual Micro\.ledfxlib.vsarduino.h': No such file or directory
         EffectRandomPixels.cpp
     1>c1xx : warning C4117: macro name '__cplusplus' is reserved, '#define' ignored
     1>c:\projects\software_only\arduino\libraries\ledfx\effectrandompixels.cpp : fatal error C1083: Cannot open include file: 'C:\Users\ddujxh0\Documents\Arduino\libraries\ledfxlib\Visual Micro\.ledfxlib.vsarduino.h': No such file or directory
         EffectRainbow.cpp
     1>c1xx : warning C4117: macro name '__cplusplus' is reserved, '#define' ignored
     1>c:\projects\software_only\arduino\libraries\ledfx\effectrainbow.cpp : fatal error C1083: Cannot open include file: 'C:\Users\ddujxh0\Documents\Arduino\libraries\ledfxlib\Visual Micro\.ledfxlib.vsarduino.h': No such file or directory
         EffectProgressBar.cpp
     1>c1xx : warning C4117: macro name '__cplusplus' is reserved, '#define' ignored
     1>c:\projects\software_only\arduino\libraries\ledfx\effectprogressbar.cpp : fatal error C1083: Cannot open include file: 'C:\Users\ddujxh0\Documents\Arduino\libraries\ledfxlib\Visual Micro\.ledfxlib.vsarduino.h': No such file or directory
         EffectCustom.cpp
     1>c1xx : warning C4117: macro name '__cplusplus' is reserved, '#define' ignored
     1>c:\projects\software_only\arduino\libraries\ledfx\effectcustom.cpp : fatal error C1083: Cannot open include file: 'C:\Users\ddujxh0\Documents\Arduino\libraries\ledfxlib\Visual Micro\.ledfxlib.vsarduino.h': No such file or directory
         EffectColorRotation.cpp
     1>c1xx : warning C4117: macro name '__cplusplus' is reserved, '#define' ignored
     1>c:\projects\software_only\arduino\libraries\ledfx\effectcolorrotation.cpp : fatal error C1083: Cannot open include file: 'C:\Users\ddujxh0\Documents\Arduino\libraries\ledfxlib\Visual Micro\.ledfxlib.vsarduino.h': No such file or directory
         Generating Code...
     1>Done Building Project "C:\Projects\software_only\Arduino\libraries\ledfx\LEDLib.vcxproj" (Build target(s)) -- FAILED.

Build FAILED.

Time Elapsed 00:00:00.57
